[www.athenian.co/index.html]
[backblue.gif]
[fade.gif]
[index.html]
[uploads-ssl.webflow.com/5de5569863e17bd0e3539609/css/athenian.webflow.29c85d3c4.min.css]
[use.typekit.net/qer8zio.js]
[uploads-ssl.webflow.com/5de5569863e17bd0e3539609/5e833c328f1e82cef17ab2d6_rsz_1athenian_icon_square.png]
[uploads-ssl.webflow.com/5de5569863e17bd0e3539609/5e833c12cc7da8030aa77834_rsz_athenian_icon_square.png]
[config.metomic.io/config71d3.js]
[consent-manager.metomic.io/embed.js]
[unpkg.com/tippy.js@4.3.5/themes/light.css]
[uploads-ssl.webflow.com/5de5569863e17bd0e3539609/5e830e6326e96b9f2cbcc37f_logo.svg]
[uploads-ssl.webflow.com/5de5569863e17bd0e3539609/5de63a054a59861a3f638e06_logo_github.svg]
[uploads-ssl.webflow.com/5de5569863e17bd0e3539609/5de639f6b8a0ede032b03fc5_logo_jira.svg]
[uploads-ssl.webflow.com/5de5569863e17bd0e3539609/5ec2afa1d46df0348a22245d_video_screenshot.svg]
[uploads-ssl.webflow.com/5de5569863e17bd0e3539609/5e8218735470c7b2de254df7_landing_01.svg]
[uploads-ssl.webflow.com/5de5569863e17bd0e3539609/5e83622a8d500ad33eabbe69_landing_02.png]
[uploads-ssl.webflow.com/5de5569863e17bd0e3539609/5e82fafdee6a950f84d62454_landing_03.svg]
[uploads-ssl.webflow.com/5de5569863e17bd0e3539609/5e82fb1927811bc160b80657_landing_04.svg]
[d3e54v103j8qbb.cloudfront.net/js/jquery-3.4.1.min.220afd743d9b65.js]
[uploads-ssl.webflow.com/5de5569863e17bd0e3539609/js/webflow.bf6db2bc3.js]
[calendly.com/assets/external/widget.css]
[calendly.com/assets/external/widget.js]
[www.athenian.co/index.html]
[www.athenian.co/pricing.html]
[www.athenian.co/demo.html]
[www.athenian.co/terms-of-service.html]
[www.athenian.co/privacy-policy.html]
[www.athenian.co/security.html]
[www.athenian.co/legal-info.html]
[consent-manager.metomic.io/embed.js]
[d3e54v103j8qbb.cloudfront.net/js/jquery-3.4.1.min.220afd743d9b65.js]
[config.metomic.io/config71d3.js]
[uploads-ssl.webflow.com/5de5569863e17bd0e3539609/5def7d4f475590e6159c20fe_main_alt3.svg]
[uploads-ssl.webflow.com/5de5569863e17bd0e3539609/5de76673524e50283af21e1f_elenar-regular-webfont.svg]
[uploads-ssl.webflow.com/5de5569863e17bd0e3539609/5de76673524e50526af21e20_elenar-bold-webfont.svg]
[uploads-ssl.webflow.com/5de5569863e17bd0e3539609/css/athenian.webflow.29c85d3c4.min.css]
[unpkg.com/tippy.js@4.3.5/themes/light.css]
[uploads-ssl.webflow.com/5de5569863e17bd0e3539609/5e830e6326e96b9f2cbcc37f_logo.svg]
[uploads-ssl.webflow.com/5de5569863e17bd0e3539609/5de63a054a59861a3f638e06_logo_github.svg]
[uploads-ssl.webflow.com/5de5569863e17bd0e3539609/5de639f6b8a0ede032b03fc5_logo_jira.svg]
[uploads-ssl.webflow.com/5de5569863e17bd0e3539609/5ec2afa1d46df0348a22245d_video_screenshot.svg]
[uploads-ssl.webflow.com/5de5569863e17bd0e3539609/5e8218735470c7b2de254df7_landing_01.svg]
[uploads-ssl.webflow.com/5de5569863e17bd0e3539609/5e82fafdee6a950f84d62454_landing_03.svg]
[uploads-ssl.webflow.com/5de5569863e17bd0e3539609/5e82fb1927811bc160b80657_landing_04.svg]
[uploads-ssl.webflow.com/5de5569863e17bd0e3539609/5e7dba490e1cdb2e54ae6b5d_cerebrisans-book.svg]
[calendly.com/assets/external/widget.css]
[uploads-ssl.webflow.com/5de5569863e17bd0e3539609/5def7d4f475590e6159c20fe_main_alt3.svg]
[uploads-ssl.webflow.com/5de5569863e17bd0e3539609/5de76673524e50283af21e1f_elenar-regular-webfont.svg]
[uploads-ssl.webflow.com/5de5569863e17bd0e3539609/5de76673524e50526af21e20_elenar-bold-webfont.svg]
[uploads-ssl.webflow.com/5de5569863e17bd0e3539609/5e7dba490e1cdb2e54ae6b5d_cerebrisans-book.svg]
[calendly.com/assets/external/close-icon.svg]
[calendly.com/assets/external/close-icon.svg]
